<?xml version="1.0" encoding="UTF-8"?>
<!-- Generated by org.testng.reporters.JUnitXMLReporter -->
<testsuite ignored="0" hostname="LAPTOP-BIM2FR3V" failures="0" tests="4" name="Test" time="62.74" errors="0" timestamp="2024-09-19T19:06:15 IST">
  <testcase classname="scenarios.RadioBtnsAndChkBoxes" name="radChk" time="26.349"/>
  <testcase classname="scenarios.MouseActions" name="dragAndDrop" time="10.21"/>
  <testcase classname="scenarios.HandlingDynData" name="dynData" time="6.354"/>
  <testcase classname="scenarios.SwitchingWin" name="switchWin" time="19.773"/>
</testsuite> <!-- Test -->
