<?xml version="1.0" encoding="UTF-8"?>
<!-- Generated by org.testng.reporters.JUnitXMLReporter -->
<testsuite ignored="0" hostname="LAPTOP-BIM2FR3V" failures="0" tests="4" name="Test" time="61.859" errors="0" timestamp="2024-09-23T19:11:57 IST">
  <testcase classname="scenarios.RadioBtnsAndChkBoxes" name="radChk" time="27.812"/>
  <testcase classname="scenarios.MouseActions" name="dragAndDrop" time="9.149"/>
  <testcase classname="scenarios.HandlingDynData" name="dynData" time="6.969"/>
  <testcase classname="scenarios.SwitchingWin" name="switchWin" time="17.875"/>
</testsuite> <!-- Test -->
