<?xml version="1.0" encoding="UTF-8"?>
<testng-results ignored="0" total="4" passed="4" failed="0" skipped="0">
  <reporter-output>
  </reporter-output>
  <suite started-at="2024-09-19T19:05:12 IST" name="Suite" finished-at="2024-09-19T19:06:15 IST" duration-ms="62740">
    <groups>
    </groups>
    <test started-at="2024-09-19T19:05:12 IST" name="Test" finished-at="2024-09-19T19:06:15 IST" duration-ms="62740">
      <class name="scenarios.SwitchingWin">
        <test-method signature="switchWin()[pri:0, instance:scenarios.SwitchingWin@20deea7f]" started-at="2024-09-19T19:05:55 IST" name="switchWin" finished-at="2024-09-19T19:06:15 IST" duration-ms="19773" status="PASS">
          <reporter-output>
          </reporter-output>
        </test-method> <!-- switchWin -->
      </class> <!-- scenarios.SwitchingWin -->
      <class name="scenarios.RadioBtnsAndChkBoxes">
        <test-method signature="radChk()[pri:0, instance:scenarios.RadioBtnsAndChkBoxes@7722c3c3]" started-at="2024-09-19T19:05:12 IST" name="radChk" finished-at="2024-09-19T19:05:39 IST" duration-ms="26349" status="PASS">
          <reporter-output>
          </reporter-output>
        </test-method> <!-- radChk -->
      </class> <!-- scenarios.RadioBtnsAndChkBoxes -->
      <class name="scenarios.HandlingDynData">
        <test-method signature="dynData()[pri:0, instance:scenarios.HandlingDynData@7193666c]" started-at="2024-09-19T19:05:49 IST" name="dynData" finished-at="2024-09-19T19:05:55 IST" duration-ms="6354" status="PASS">
          <reporter-output>
          </reporter-output>
        </test-method> <!-- dynData -->
      </class> <!-- scenarios.HandlingDynData -->
      <class name="scenarios.MouseActions">
        <test-method signature="dragAndDrop()[pri:0, instance:scenarios.MouseActions@5119fb47]" started-at="2024-09-19T19:05:39 IST" name="dragAndDrop" finished-at="2024-09-19T19:05:49 IST" duration-ms="10210" status="PASS">
          <reporter-output>
          </reporter-output>
        </test-method> <!-- dragAndDrop -->
      </class> <!-- scenarios.MouseActions -->
    </test> <!-- Test -->
  </suite> <!-- Suite -->
</testng-results>
